[debug] [2022-11-18T22:55:47.698Z] ----------------------------------------------------------------------
[debug] [2022-11-18T22:55:47.702Z] Command:       C:\Program Files\nodejs\node.exe C:\Users\juani\AppData\Roaming\npm\node_modules\firebase-tools\lib\bin\firebase.js init
[debug] [2022-11-18T22:55:47.703Z] CLI Version:   11.16.1
[debug] [2022-11-18T22:55:47.703Z] Platform:      win32
[debug] [2022-11-18T22:55:47.704Z] Node Version:  v16.14.2
[debug] [2022-11-18T22:55:47.705Z] Time:          Fri Nov 18 2022 19:55:47 GMT-0300 (hora estándar de Argentina)
[debug] [2022-11-18T22:55:47.706Z] ----------------------------------------------------------------------
[debug] 
[debug] [2022-11-18T22:55:47.721Z] > command requires scopes: ["email","openid","https://www.googleapis.com/auth/cloudplatformprojects.readonly","https://www.googleapis.com/auth/firebase","https://www.googleapis.com/auth/cloud-platform"]
[debug] [2022-11-18T22:55:47.722Z] > authorizing via signed-in user (juani.salvucci@gmail.com)
[info] 
     ######## #### ########  ######## ########     ###     ######  ########
     ##        ##  ##     ## ##       ##     ##  ##   ##  ##       ##
     ######    ##  ########  ######   ########  #########  ######  ######
     ##        ##  ##    ##  ##       ##     ## ##     ##       ## ##
     ##       #### ##     ## ######## ########  ##     ##  ######  ########

You're about to initialize a Firebase project in this directory:

  C:\Users\juani\Documents\TIP\4_in_row_backend

[info] 
=== Project Setup
[info] 
[info] First, let's associate this project directory with a Firebase project.
[info] You can create multiple project aliases by running firebase use --add, 
[info] but for now we'll just set up a default project.
[info] 
[debug] [2022-11-18T22:56:05.726Z] >>> [apiv2][query] GET https://firebase.googleapis.com/v1beta1/projects pageSize=100
[debug] [2022-11-18T22:56:06.629Z] <<< [apiv2][status] GET https://firebase.googleapis.com/v1beta1/projects 200
[debug] [2022-11-18T22:56:06.630Z] <<< [apiv2][body] GET https://firebase.googleapis.com/v1beta1/projects [omitted]
[info] i  Using project fourinarow-2705f (fourinarow) 
[info] 
=== Hosting Setup
[info] 
[info] Your public directory is the folder (relative to your project directory) that
[info] will contain Hosting assets to be uploaded with firebase deploy. If you
[info] have a build process for your assets, use your build's output directory.
[info] 
[debug] [2022-11-18T22:56:48.428Z] >>> [apiv2][query] GET https://www.gstatic.com/firebasejs/releases.json [none]
[debug] [2022-11-18T22:56:49.848Z] <<< [apiv2][status] GET https://www.gstatic.com/firebasejs/releases.json 200
[debug] [2022-11-18T22:56:49.848Z] <<< [apiv2][body] GET https://www.gstatic.com/firebasejs/releases.json {"current":{"version":"9.14.0","browserURL":"https://www.gstatic.com/firebasejs/9.14.0/firebase.js","packageURL":"https://www.gstatic.com/firebasejs/9.14.0/firebase.tgz"},"live":{"version":"9.14","browserURL":"https://www.gstatic.com/firebasejs/live/9.14/firebase.js","packageURL":"https://www.gstatic.com/firebasejs/live/9.14/firebase.tgz"},"components":{"analytics":"https://www.gstatic.com/firebasejs/9.14.0/firebase-analytics.js","app":"https://www.gstatic.com/firebasejs/9.14.0/firebase-app.js","app-check":"https://www.gstatic.com/firebasejs/9.14.0/firebase-app-check.js","auth":"https://www.gstatic.com/firebasejs/9.14.0/firebase-auth.js","auth/cordova":"https://www.gstatic.com/firebasejs/9.14.0/firebase-auth/cordova.js","auth/react-native":"https://www.gstatic.com/firebasejs/9.14.0/firebase-auth/react-native.js","functions":"https://www.gstatic.com/firebasejs/9.14.0/firebase-functions.js","firestore":"https://www.gstatic.com/firebasejs/9.14.0/firebase-firestore.js","firestore/lite":"https://www.gstatic.com/firebasejs/9.14.0/firebase-firestore/lite.js","installations":"https://www.gstatic.com/firebasejs/9.14.0/firebase-installations.js","storage":"https://www.gstatic.com/firebasejs/9.14.0/firebase-storage.js","performance":"https://www.gstatic.com/firebasejs/9.14.0/firebase-performance.js","remote-config":"https://www.gstatic.com/firebasejs/9.14.0/firebase-remote-config.js","messaging":"https://www.gstatic.com/firebasejs/9.14.0/firebase-messaging.js","messaging/sw":"https://www.gstatic.com/firebasejs/9.14.0/firebase-messaging/sw.js","database":"https://www.gstatic.com/firebasejs/9.14.0/firebase-database.js","firestore.memory":"https://www.gstatic.com/firebasejs/9.14.0/firebase-firestore.memory.js"}}
[info] +  Wrote public/index.html 
[info] 
[info] i  Detected a .git folder at C:\Users\juani\Documents\TIP\4_in_row_backend 
[info] i  Authorizing with GitHub to upload your service account to a GitHub repository's secrets store. 
[info] 
[info] Visit this URL on this device to log in:
[info] https://github.com/login/oauth/authorize?client_id=89cf50f02ac6aaed3484&state=630230362&redirect_uri=http%3A%2F%2Flocalhost%3A9005&scope=read%3Auser%20repo%20public_repo
[info] 
[info] Waiting for authentication...
[debug] [2022-11-18T22:57:19.288Z] >>> [apiv2][query] POST https://github.com/login/oauth/access_token [none]
[debug] [2022-11-18T22:57:19.289Z] >>> [apiv2][body] POST https://github.com/login/oauth/access_token [stream]
[debug] [2022-11-18T22:57:20.137Z] <<< [apiv2][status] POST https://github.com/login/oauth/access_token 200
[debug] [2022-11-18T22:57:20.138Z] <<< [apiv2][body] POST https://github.com/login/oauth/access_token {"access_token":"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","token_type":"bearer","scope":"read:user,repo"}
[debug] [2022-11-18T22:57:20.146Z] >>> [apiv2][query] GET https://api.github.com/user [none]
[debug] [2022-11-18T22:57:20.754Z] <<< [apiv2][status] GET https://api.github.com/user 200
[debug] [2022-11-18T22:57:20.754Z] <<< [apiv2][body] GET https://api.github.com/user {"login":"juansalvucci","id":89757142,"node_id":"MDQ6VXNlcjg5NzU3MTQy","avatar_url":"https://avatars.githubusercontent.com/u/89757142?v=4","gravatar_id":"","url":"https://api.github.com/users/juansalvucci","html_url":"https://github.com/juansalvucci","followers_url":"https://api.github.com/users/juansalvucci/followers","following_url":"https://api.github.com/users/juansalvucci/following{/other_user}","gists_url":"https://api.github.com/users/juansalvucci/gists{/gist_id}","starred_url":"https://api.github.com/users/juansalvucci/starred{/owner}{/repo}","subscriptions_url":"https://api.github.com/users/juansalvucci/subscriptions","organizations_url":"https://api.github.com/users/juansalvucci/orgs","repos_url":"https://api.github.com/users/juansalvucci/repos","events_url":"https://api.github.com/users/juansalvucci/events{/privacy}","received_events_url":"https://api.github.com/users/juansalvucci/received_events","type":"User","site_admin":false,"name":"Juan Salvucci","company":"Misteriosa SRL","blog":"","location":null,"email":null,"hireable":null,"bio":null,"twitter_username":null,"public_repos":3,"public_gists":0,"followers":0,"following":0,"created_at":"2021-08-30T01:42:11Z","updated_at":"2022-10-11T01:42:46Z","private_gists":0,"total_private_repos":3,"owned_private_repos":3,"disk_usage":2839,"collaborators":1,"two_factor_authentication":false,"plan":{"name":"free","space":976562499,"collaborators":0,"private_repos":10000}}
[info] 
[info] +  Success! Logged into GitHub as juansalvucci 
[info] 
